<?xml version="1.0" encoding="UTF-8"?>
<!-- Generated by org.testng.reporters.JUnitXMLReporter -->
<testsuite hostname="MSI" failures="2" tests="15" name="Test" time="325.261" errors="0" timestamp="17 Jan 2022 19:25:14 GMT">
  <testcase classname="testScenarios.HistoricalScenario" name="verifyHistoricalTab" time="2.23"/>
  <testcase classname="testScenarios.SummaryScenario" name="verifyFullScreenAndBack" time="15.206"/>
  <testcase classname="testScenarios.SummaryScenario" name="verifyHeader" time="0.038"/>
  <testcase classname="testScenarios.SummaryScenario" name="verifySummaryTabOpens" time="0.034"/>
  <testcase classname="testScenarios.SummaryScenario" name="verifySummaryTable" time="0.504"/>
  <testcase classname="testScenarios.SummaryScenario" name="verifyURLTitle" time="0.007"/>
  <testcase classname="testScenarios.ProfileScenario" name="verifyProfileTab" time="17.114"/>
  <testcase classname="testScenarios.HoldersScenario" name="verifyHoldersTab" time="2.976"/>
  <testcase classname="testScenarios.ConversationsScenario" name="verifyConversationsTabs" time="0.003">
    <failure type="java.lang.IllegalArgumentException" message="Cannot find elements when the XPath is null.">
      <![CDATA[java.lang.IllegalArgumentException: Cannot find elements when the XPath is null.
	at org.openqa.selenium.internal.Require$ArgumentChecker.nonNull(Require.java:92)
	at org.openqa.selenium.By$ByXPath.<init>(By.java:287)
	at org.openqa.selenium.By.xpath(By.java:89)
	at pageObjects.ConversationsTab.<init>(ConversationsTab.java:13)
	at testScenarios.ConversationsScenario.verifyConversationsTabs(ConversationsScenario.java:34)
... Removed 24 stack frames]]>
    </failure>
  </testcase> <!-- verifyConversationsTabs -->
  <testcase classname="testScenarios.OptionsScenario" name="verifyOptionsTab" time="2.814"/>
  <testcase classname="testScenarios.AnalysisScenario" name="verifyAnalysisTab" time="2.849"/>
  <testcase classname="testScenarios.SustainabilityScenario" name="verifySustainabilityTab" time="4.501"/>
  <testcase classname="testScenarios.StatisticsScenario" name="verifyStatisticsTab" time="2.036"/>
  <testcase classname="testScenarios.FinancialsScenario" name="verifyFinancialsTab" time="15.138">
    <failure type="org.openqa.selenium.NoSuchElementException" message="no such element: Unable to locate element: {&amp;quot;method&amp;quot;:&amp;quot;xpath&amp;quot;,&amp;quot;selector&amp;quot;:&amp;quot;//h3[contains(text(), &amp;apos;Oracle Corporation&amp;apos;)]&amp;quot;}
  (Session info: chrome=97.0.4692.71)
For documentation on this error, please visit: https://selenium.dev/exceptions/#no_such_element
Build info: version: &amp;apos;4.1.1&amp;apos;, revision: &amp;apos;e8fcc2cecf&amp;apos;
System info: host: &amp;apos;MSI&amp;apos;, ip: &amp;apos;192.168.1.66&amp;apos;, os.name: &amp;apos;Windows 10&amp;apos;, os.arch: &amp;apos;amd64&amp;apos;, os.version: &amp;apos;10.0&amp;apos;, java.version: &amp;apos;15.0.1&amp;apos;
Driver info: org.openqa.selenium.chrome.ChromeDriver
Command: [df6856ea0b806ffbe0b071a6d8427d6b, findElement {using=xpath, value=//h3[contains(text(), &amp;apos;Oracle Corporation&amp;apos;)]}]
Capabilities {acceptInsecureCerts: false, browserName: chrome, browserVersion: 97.0.4692.71, chrome: {chromedriverVersion: 97.0.4692.71 (adefa7837d02a..., userDataDir: C:\Users\mjma_\AppData\Loca...}, goog:chromeOptions: {debuggerAddress: localhost:59827}, javascriptEnabled: true, networkConnectionEnabled: false, pageLoadStrategy: normal, platform: WINDOWS, platformName: WINDOWS, proxy: Proxy(), se:cdp: ws://localhost:59827/devtoo..., se:cdpVersion: 97.0.4692.71, setWindowRect: true, strictFileInteractability: false, timeouts: {implicit: 0, pageLoad: 300000, script: 30000}, unhandledPromptBehavior: dismiss and notify, webauthn:extension:credBlob: true, webauthn:extension:largeBlob: true, webauthn:virtualAuthenticators: true}
Session ID: df6856ea0b806ffbe0b071a6d8427d6b">
      <![CDATA[org.openqa.selenium.NoSuchElementException: no such element: Unable to locate element: {"method":"xpath","selector":"//h3[contains(text(), 'Oracle Corporation')]"}
  (Session info: chrome=97.0.4692.71)
For documentation on this error, please visit: https://selenium.dev/exceptions/#no_such_element
Build info: version: '4.1.1', revision: 'e8fcc2cecf'
System info: host: 'MSI', ip: '192.168.1.66', os.name: 'Windows 10', os.arch: 'amd64', os.version: '10.0', java.version: '15.0.1'
Driver info: org.openqa.selenium.chrome.ChromeDriver
Command: [df6856ea0b806ffbe0b071a6d8427d6b, findElement {using=xpath, value=//h3[contains(text(), 'Oracle Corporation')]}]
Capabilities {acceptInsecureCerts: false, browserName: chrome, browserVersion: 97.0.4692.71, chrome: {chromedriverVersion: 97.0.4692.71 (adefa7837d02a..., userDataDir: C:\Users\mjma_\AppData\Loca...}, goog:chromeOptions: {debuggerAddress: localhost:59827}, javascriptEnabled: true, networkConnectionEnabled: false, pageLoadStrategy: normal, platform: WINDOWS, platformName: WINDOWS, proxy: Proxy(), se:cdp: ws://localhost:59827/devtoo..., se:cdpVersion: 97.0.4692.71, setWindowRect: true, strictFileInteractability: false, timeouts: {implicit: 0, pageLoad: 300000, script: 30000}, unhandledPromptBehavior: dismiss and notify, webauthn:extension:credBlob: true, webauthn:extension:largeBlob: true, webauthn:virtualAuthenticators: true}
Session ID: df6856ea0b806ffbe0b071a6d8427d6b
	at org.openqa.selenium.remote.codec.w3c.W3CHttpResponseCodec.createException(W3CHttpResponseCodec.java:200)
	at org.openqa.selenium.remote.codec.w3c.W3CHttpResponseCodec.decode(W3CHttpResponseCodec.java:133)
	at org.openqa.selenium.remote.codec.w3c.W3CHttpResponseCodec.decode(W3CHttpResponseCodec.java:53)
	at org.openqa.selenium.remote.HttpCommandExecutor.execute(HttpCommandExecutor.java:184)
	at org.openqa.selenium.remote.service.DriverCommandExecutor.invokeExecute(DriverCommandExecutor.java:167)
	at org.openqa.selenium.remote.service.DriverCommandExecutor.execute(DriverCommandExecutor.java:142)
	at org.openqa.selenium.remote.RemoteWebDriver.execute(RemoteWebDriver.java:543)
	at org.openqa.selenium.remote.ElementLocation$ElementFinder$2.findElement(ElementLocation.java:162)
	at org.openqa.selenium.remote.ElementLocation.findElement(ElementLocation.java:60)
	at org.openqa.selenium.remote.RemoteWebDriver.findElement(RemoteWebDriver.java:367)
	at org.openqa.selenium.remote.RemoteWebDriver.findElement(RemoteWebDriver.java:359)
	at pageObjects.FinancialsTab.header(FinancialsTab.java:20)
	at testScenarios.FinancialsScenario.verifyFinancialsTab(FinancialsScenario.java:38)
... Removed 29 stack frames]]>
    </failure>
  </testcase> <!-- verifyFinancialsTab -->
  <testcase classname="testScenarios.ChartScenario" name="verifyChartTab" time="18.104"/>
</testsuite> <!-- Test -->
