<?xml version="1.0" encoding="UTF-8"?>
<testng-results total="15" passed="13" failed="2" skipped="0">
  <reporter-output>
  </reporter-output>
  <suite started-at="2022-01-17T19:19:48Z" name="Suite" finished-at="2022-01-17T19:25:14Z" duration-ms="325261">
    <groups>
    </groups>
    <test started-at="2022-01-17T19:19:48Z" name="Test" finished-at="2022-01-17T19:25:14Z" duration-ms="325261">
      <class name="testScenarios.ConversationsScenario">
        <test-method is-config="true" signature="goToURL()[pri:0, instance:testScenarios.ConversationsScenario@1750fbeb]" started-at="2022-01-17T13:22:35Z" name="goToURL" finished-at="2022-01-17T13:22:49Z" duration-ms="14562" status="PASS">
          <reporter-output>
          </reporter-output>
        </test-method> <!-- goToURL -->
        <test-method signature="verifyConversationsTabs()[pri:0, instance:testScenarios.ConversationsScenario@1750fbeb]" started-at="2022-01-17T13:22:49Z" name="verifyConversationsTabs" finished-at="2022-01-17T13:22:49Z" duration-ms="3" status="FAIL">
          <exception class="java.lang.IllegalArgumentException">
            <message>
              <![CDATA[Cannot find elements when the XPath is null.]]>
            </message>
            <full-stacktrace>
              <![CDATA[java.lang.IllegalArgumentException: Cannot find elements when the XPath is null.
	at org.openqa.selenium.internal.Require$ArgumentChecker.nonNull(Require.java:92)
	at org.openqa.selenium.By$ByXPath.<init>(By.java:287)
	at org.openqa.selenium.By.xpath(By.java:89)
	at pageObjects.ConversationsTab.<init>(ConversationsTab.java:13)
	at testScenarios.ConversationsScenario.verifyConversationsTabs(ConversationsScenario.java:34)
	at java.base/jdk.internal.reflect.NativeMethodAccessorImpl.invoke0(Native Method)
	at java.base/jdk.internal.reflect.NativeMethodAccessorImpl.invoke(NativeMethodAccessorImpl.java:64)
	at java.base/jdk.internal.reflect.DelegatingMethodAccessorImpl.invoke(DelegatingMethodAccessorImpl.java:43)
	at java.base/java.lang.reflect.Method.invoke(Method.java:564)
	at org.testng.internal.MethodInvocationHelper.invokeMethod(MethodInvocationHelper.java:80)
	at org.testng.internal.Invoker.invokeMethod(Invoker.java:714)
	at org.testng.internal.Invoker.invokeTestMethod(Invoker.java:901)
	at org.testng.internal.Invoker.invokeTestMethods(Invoker.java:1231)
	at org.testng.internal.TestMethodWorker.invokeTestMethods(TestMethodWorker.java:127)
	at org.testng.internal.TestMethodWorker.run(TestMethodWorker.java:111)
	at org.testng.TestRunner.privateRun(TestRunner.java:767)
	at org.testng.TestRunner.run(TestRunner.java:617)
	at org.testng.SuiteRunner.runTest(SuiteRunner.java:334)
	at org.testng.SuiteRunner.runSequentially(SuiteRunner.java:329)
	at org.testng.SuiteRunner.privateRun(SuiteRunner.java:291)
	at org.testng.SuiteRunner.run(SuiteRunner.java:240)
	at org.testng.SuiteRunnerWorker.runSuite(SuiteRunnerWorker.java:52)
	at org.testng.SuiteRunnerWorker.run(SuiteRunnerWorker.java:86)
	at org.testng.TestNG.runSuitesSequentially(TestNG.java:1198)
	at org.testng.TestNG.runSuitesLocally(TestNG.java:1123)
	at org.testng.TestNG.run(TestNG.java:1031)
	at org.testng.remote.AbstractRemoteTestNG.run(AbstractRemoteTestNG.java:115)
	at org.testng.remote.RemoteTestNG.initAndRun(RemoteTestNG.java:251)
	at org.testng.remote.RemoteTestNG.main(RemoteTestNG.java:77)
]]>
            </full-stacktrace>
          </exception> <!-- java.lang.IllegalArgumentException -->
          <reporter-output>
          </reporter-output>
        </test-method> <!-- verifyConversationsTabs -->
        <test-method is-config="true" signature="tearDown()[pri:0, instance:testScenarios.ConversationsScenario@1750fbeb]" started-at="2022-01-17T13:22:49Z" name="tearDown" finished-at="2022-01-17T13:22:50Z" duration-ms="620" status="PASS">
          <reporter-output>
          </reporter-output>
        </test-method> <!-- tearDown -->
      </class> <!-- testScenarios.ConversationsScenario -->
      <class name="testScenarios.FinancialsScenario">
        <test-method is-config="true" signature="goToURL()[pri:0, instance:testScenarios.FinancialsScenario@5b247367]" started-at="2022-01-17T13:24:03Z" name="goToURL" finished-at="2022-01-17T13:24:20Z" duration-ms="17692" status="PASS">
          <reporter-output>
          </reporter-output>
        </test-method> <!-- goToURL -->
        <test-method signature="verifyFinancialsTab()[pri:0, instance:testScenarios.FinancialsScenario@5b247367]" started-at="2022-01-17T13:24:20Z" name="verifyFinancialsTab" finished-at="2022-01-17T13:24:36Z" duration-ms="15138" status="FAIL">
          <exception class="org.openqa.selenium.NoSuchElementException">
            <message>
              <![CDATA[no such element: Unable to locate element: {"method":"xpath","selector":"//h3[contains(text(), 'Oracle Corporation')]"}
  (Session info: chrome=97.0.4692.71)
For documentation on this error, please visit: https://selenium.dev/exceptions/#no_such_element
Build info: version: '4.1.1', revision: 'e8fcc2cecf'
System info: host: 'MSI', ip: '192.168.1.66', os.name: 'Windows 10', os.arch: 'amd64', os.version: '10.0', java.version: '15.0.1'
Driver info: org.openqa.selenium.chrome.ChromeDriver
Command: [df6856ea0b806ffbe0b071a6d8427d6b, findElement {using=xpath, value=//h3[contains(text(), 'Oracle Corporation')]}]
Capabilities {acceptInsecureCerts: false, browserName: chrome, browserVersion: 97.0.4692.71, chrome: {chromedriverVersion: 97.0.4692.71 (adefa7837d02a..., userDataDir: C:\Users\mjma_\AppData\Loca...}, goog:chromeOptions: {debuggerAddress: localhost:59827}, javascriptEnabled: true, networkConnectionEnabled: false, pageLoadStrategy: normal, platform: WINDOWS, platformName: WINDOWS, proxy: Proxy(), se:cdp: ws://localhost:59827/devtoo..., se:cdpVersion: 97.0.4692.71, setWindowRect: true, strictFileInteractability: false, timeouts: {implicit: 0, pageLoad: 300000, script: 30000}, unhandledPromptBehavior: dismiss and notify, webauthn:extension:credBlob: true, webauthn:extension:largeBlob: true, webauthn:virtualAuthenticators: true}
Session ID: df6856ea0b806ffbe0b071a6d8427d6b]]>
            </message>
            <full-stacktrace>
              <![CDATA[org.openqa.selenium.NoSuchElementException: no such element: Unable to locate element: {"method":"xpath","selector":"//h3[contains(text(), 'Oracle Corporation')]"}
  (Session info: chrome=97.0.4692.71)
For documentation on this error, please visit: https://selenium.dev/exceptions/#no_such_element
Build info: version: '4.1.1', revision: 'e8fcc2cecf'
System info: host: 'MSI', ip: '192.168.1.66', os.name: 'Windows 10', os.arch: 'amd64', os.version: '10.0', java.version: '15.0.1'
Driver info: org.openqa.selenium.chrome.ChromeDriver
Command: [df6856ea0b806ffbe0b071a6d8427d6b, findElement {using=xpath, value=//h3[contains(text(), 'Oracle Corporation')]}]
Capabilities {acceptInsecureCerts: false, browserName: chrome, browserVersion: 97.0.4692.71, chrome: {chromedriverVersion: 97.0.4692.71 (adefa7837d02a..., userDataDir: C:\Users\mjma_\AppData\Loca...}, goog:chromeOptions: {debuggerAddress: localhost:59827}, javascriptEnabled: true, networkConnectionEnabled: false, pageLoadStrategy: normal, platform: WINDOWS, platformName: WINDOWS, proxy: Proxy(), se:cdp: ws://localhost:59827/devtoo..., se:cdpVersion: 97.0.4692.71, setWindowRect: true, strictFileInteractability: false, timeouts: {implicit: 0, pageLoad: 300000, script: 30000}, unhandledPromptBehavior: dismiss and notify, webauthn:extension:credBlob: true, webauthn:extension:largeBlob: true, webauthn:virtualAuthenticators: true}
Session ID: df6856ea0b806ffbe0b071a6d8427d6b
	at java.base/jdk.internal.reflect.NativeConstructorAccessorImpl.newInstance0(Native Method)
	at java.base/jdk.internal.reflect.NativeConstructorAccessorImpl.newInstance(NativeConstructorAccessorImpl.java:64)
	at java.base/jdk.internal.reflect.DelegatingConstructorAccessorImpl.newInstance(DelegatingConstructorAccessorImpl.java:45)
	at java.base/java.lang.reflect.Constructor.newInstanceWithCaller(Constructor.java:500)
	at java.base/java.lang.reflect.Constructor.newInstance(Constructor.java:481)
	at org.openqa.selenium.remote.codec.w3c.W3CHttpResponseCodec.createException(W3CHttpResponseCodec.java:200)
	at org.openqa.selenium.remote.codec.w3c.W3CHttpResponseCodec.decode(W3CHttpResponseCodec.java:133)
	at org.openqa.selenium.remote.codec.w3c.W3CHttpResponseCodec.decode(W3CHttpResponseCodec.java:53)
	at org.openqa.selenium.remote.HttpCommandExecutor.execute(HttpCommandExecutor.java:184)
	at org.openqa.selenium.remote.service.DriverCommandExecutor.invokeExecute(DriverCommandExecutor.java:167)
	at org.openqa.selenium.remote.service.DriverCommandExecutor.execute(DriverCommandExecutor.java:142)
	at org.openqa.selenium.remote.RemoteWebDriver.execute(RemoteWebDriver.java:543)
	at org.openqa.selenium.remote.ElementLocation$ElementFinder$2.findElement(ElementLocation.java:162)
	at org.openqa.selenium.remote.ElementLocation.findElement(ElementLocation.java:60)
	at org.openqa.selenium.remote.RemoteWebDriver.findElement(RemoteWebDriver.java:367)
	at org.openqa.selenium.remote.RemoteWebDriver.findElement(RemoteWebDriver.java:359)
	at pageObjects.FinancialsTab.header(FinancialsTab.java:20)
	at testScenarios.FinancialsScenario.verifyFinancialsTab(FinancialsScenario.java:38)
	at java.base/jdk.internal.reflect.NativeMethodAccessorImpl.invoke0(Native Method)
	at java.base/jdk.internal.reflect.NativeMethodAccessorImpl.invoke(NativeMethodAccessorImpl.java:64)
	at java.base/jdk.internal.reflect.DelegatingMethodAccessorImpl.invoke(DelegatingMethodAccessorImpl.java:43)
	at java.base/java.lang.reflect.Method.invoke(Method.java:564)
	at org.testng.internal.MethodInvocationHelper.invokeMethod(MethodInvocationHelper.java:80)
	at org.testng.internal.Invoker.invokeMethod(Invoker.java:714)
	at org.testng.internal.Invoker.invokeTestMethod(Invoker.java:901)
	at org.testng.internal.Invoker.invokeTestMethods(Invoker.java:1231)
	at org.testng.internal.TestMethodWorker.invokeTestMethods(TestMethodWorker.java:127)
	at org.testng.internal.TestMethodWorker.run(TestMethodWorker.java:111)
	at org.testng.TestRunner.privateRun(TestRunner.java:767)
	at org.testng.TestRunner.run(TestRunner.java:617)
	at org.testng.SuiteRunner.runTest(SuiteRunner.java:334)
	at org.testng.SuiteRunner.runSequentially(SuiteRunner.java:329)
	at org.testng.SuiteRunner.privateRun(SuiteRunner.java:291)
	at org.testng.SuiteRunner.run(SuiteRunner.java:240)
	at org.testng.SuiteRunnerWorker.runSuite(SuiteRunnerWorker.java:52)
	at org.testng.SuiteRunnerWorker.run(SuiteRunnerWorker.java:86)
	at org.testng.TestNG.runSuitesSequentially(TestNG.java:1198)
	at org.testng.TestNG.runSuitesLocally(TestNG.java:1123)
	at org.testng.TestNG.run(TestNG.java:1031)
	at org.testng.remote.AbstractRemoteTestNG.run(AbstractRemoteTestNG.java:115)
	at org.testng.remote.RemoteTestNG.initAndRun(RemoteTestNG.java:251)
	at org.testng.remote.RemoteTestNG.main(RemoteTestNG.java:77)
]]>
            </full-stacktrace>
          </exception> <!-- org.openqa.selenium.NoSuchElementException -->
          <reporter-output>
          </reporter-output>
        </test-method> <!-- verifyFinancialsTab -->
        <test-method is-config="true" signature="tearDown()[pri:0, instance:testScenarios.FinancialsScenario@5b247367]" started-at="2022-01-17T13:24:36Z" name="tearDown" finished-at="2022-01-17T13:24:36Z" duration-ms="658" status="PASS">
          <reporter-output>
          </reporter-output>
        </test-method> <!-- tearDown -->
      </class> <!-- testScenarios.FinancialsScenario -->
      <class name="testScenarios.ProfileScenario">
        <test-method is-config="true" signature="goToURL()[pri:0, instance:testScenarios.ProfileScenario@7e057f43]" started-at="2022-01-17T13:21:47Z" name="goToURL" finished-at="2022-01-17T13:22:01Z" duration-ms="14639" status="PASS">
          <reporter-output>
          </reporter-output>
        </test-method> <!-- goToURL -->
        <test-method signature="verifyProfileTab()[pri:0, instance:testScenarios.ProfileScenario@7e057f43]" started-at="2022-01-17T13:22:01Z" name="verifyProfileTab" finished-at="2022-01-17T13:22:18Z" duration-ms="17114" status="PASS">
          <reporter-output>
          </reporter-output>
        </test-method> <!-- verifyProfileTab -->
        <test-method is-config="true" signature="tearDown()[pri:0, instance:testScenarios.ProfileScenario@7e057f43]" started-at="2022-01-17T13:22:18Z" name="tearDown" finished-at="2022-01-17T13:22:19Z" duration-ms="684" status="PASS">
          <reporter-output>
          </reporter-output>
        </test-method> <!-- tearDown -->
      </class> <!-- testScenarios.ProfileScenario -->
      <class name="testScenarios.SummaryScenario">
        <test-method is-config="true" signature="goToURL()[pri:0, instance:testScenarios.SummaryScenario@606e4010]" started-at="2022-01-17T13:20:08Z" name="goToURL" finished-at="2022-01-17T13:20:20Z" duration-ms="12803" status="PASS">
          <reporter-output>
          </reporter-output>
        </test-method> <!-- goToURL -->
        <test-method signature="verifyFullScreenAndBack()[pri:0, instance:testScenarios.SummaryScenario@606e4010]" started-at="2022-01-17T13:20:20Z" name="verifyFullScreenAndBack" finished-at="2022-01-17T13:20:36Z" duration-ms="15206" status="PASS">
          <reporter-output>
          </reporter-output>
        </test-method> <!-- verifyFullScreenAndBack -->
        <test-method is-config="true" signature="tearDown()[pri:0, instance:testScenarios.SummaryScenario@606e4010]" started-at="2022-01-17T13:20:36Z" name="tearDown" finished-at="2022-01-17T13:20:36Z" duration-ms="646" status="PASS">
          <reporter-output>
          </reporter-output>
        </test-method> <!-- tearDown -->
        <test-method is-config="true" signature="goToURL()[pri:0, instance:testScenarios.SummaryScenario@606e4010]" started-at="2022-01-17T13:20:36Z" name="goToURL" finished-at="2022-01-17T13:20:50Z" duration-ms="14058" status="PASS">
          <reporter-output>
          </reporter-output>
        </test-method> <!-- goToURL -->
        <test-method signature="verifyHeader()[pri:0, instance:testScenarios.SummaryScenario@606e4010]" started-at="2022-01-17T13:20:50Z" name="verifyHeader" finished-at="2022-01-17T13:20:50Z" duration-ms="38" status="PASS">
          <reporter-output>
          </reporter-output>
        </test-method> <!-- verifyHeader -->
        <test-method is-config="true" signature="tearDown()[pri:0, instance:testScenarios.SummaryScenario@606e4010]" started-at="2022-01-17T13:20:50Z" name="tearDown" finished-at="2022-01-17T13:20:51Z" duration-ms="613" status="PASS">
          <reporter-output>
          </reporter-output>
        </test-method> <!-- tearDown -->
        <test-method is-config="true" signature="goToURL()[pri:0, instance:testScenarios.SummaryScenario@606e4010]" started-at="2022-01-17T13:20:51Z" name="goToURL" finished-at="2022-01-17T13:21:07Z" duration-ms="16095" status="PASS">
          <reporter-output>
          </reporter-output>
        </test-method> <!-- goToURL -->
        <test-method signature="verifySummaryTabOpens()[pri:0, instance:testScenarios.SummaryScenario@606e4010]" started-at="2022-01-17T13:21:07Z" name="verifySummaryTabOpens" finished-at="2022-01-17T13:21:07Z" duration-ms="34" status="PASS">
          <reporter-output>
          </reporter-output>
        </test-method> <!-- verifySummaryTabOpens -->
        <test-method is-config="true" signature="tearDown()[pri:0, instance:testScenarios.SummaryScenario@606e4010]" started-at="2022-01-17T13:21:07Z" name="tearDown" finished-at="2022-01-17T13:21:08Z" duration-ms="643" status="PASS">
          <reporter-output>
          </reporter-output>
        </test-method> <!-- tearDown -->
        <test-method is-config="true" signature="goToURL()[pri:0, instance:testScenarios.SummaryScenario@606e4010]" started-at="2022-01-17T13:21:08Z" name="goToURL" finished-at="2022-01-17T13:21:28Z" duration-ms="20483" status="PASS">
          <reporter-output>
          </reporter-output>
        </test-method> <!-- goToURL -->
        <test-method signature="verifySummaryTable()[pri:0, instance:testScenarios.SummaryScenario@606e4010]" started-at="2022-01-17T13:21:28Z" name="verifySummaryTable" finished-at="2022-01-17T13:21:29Z" duration-ms="504" status="PASS">
          <reporter-output>
          </reporter-output>
        </test-method> <!-- verifySummaryTable -->
        <test-method is-config="true" signature="tearDown()[pri:0, instance:testScenarios.SummaryScenario@606e4010]" started-at="2022-01-17T13:21:29Z" name="tearDown" finished-at="2022-01-17T13:21:29Z" duration-ms="610" status="PASS">
          <reporter-output>
          </reporter-output>
        </test-method> <!-- tearDown -->
        <test-method is-config="true" signature="goToURL()[pri:0, instance:testScenarios.SummaryScenario@606e4010]" started-at="2022-01-17T13:21:29Z" name="goToURL" finished-at="2022-01-17T13:21:46Z" duration-ms="16549" status="PASS">
          <reporter-output>
          </reporter-output>
        </test-method> <!-- goToURL -->
        <test-method signature="verifyURLTitle()[pri:0, instance:testScenarios.SummaryScenario@606e4010]" started-at="2022-01-17T13:21:46Z" name="verifyURLTitle" finished-at="2022-01-17T13:21:46Z" duration-ms="7" status="PASS">
          <reporter-output>
          </reporter-output>
        </test-method> <!-- verifyURLTitle -->
        <test-method is-config="true" signature="tearDown()[pri:0, instance:testScenarios.SummaryScenario@606e4010]" started-at="2022-01-17T13:21:46Z" name="tearDown" finished-at="2022-01-17T13:21:47Z" duration-ms="645" status="PASS">
          <reporter-output>
          </reporter-output>
        </test-method> <!-- tearDown -->
      </class> <!-- testScenarios.SummaryScenario -->
      <class name="testScenarios.OptionsScenario">
        <test-method is-config="true" signature="goToURL()[pri:0, instance:testScenarios.OptionsScenario@6fa51cd4]" started-at="2022-01-17T13:22:50Z" name="goToURL" finished-at="2022-01-17T13:23:03Z" duration-ms="12779" status="PASS">
          <reporter-output>
          </reporter-output>
        </test-method> <!-- goToURL -->
        <test-method signature="verifyOptionsTab()[pri:0, instance:testScenarios.OptionsScenario@6fa51cd4]" started-at="2022-01-17T13:23:03Z" name="verifyOptionsTab" finished-at="2022-01-17T13:23:06Z" duration-ms="2814" status="PASS">
          <reporter-output>
          </reporter-output>
        </test-method> <!-- verifyOptionsTab -->
        <test-method is-config="true" signature="tearDown()[pri:0, instance:testScenarios.OptionsScenario@6fa51cd4]" started-at="2022-01-17T13:23:06Z" name="tearDown" finished-at="2022-01-17T13:23:07Z" duration-ms="1134" status="PASS">
          <reporter-output>
          </reporter-output>
        </test-method> <!-- tearDown -->
      </class> <!-- testScenarios.OptionsScenario -->
      <class name="testScenarios.AnalysisScenario">
        <test-method is-config="true" signature="goToURL()[pri:0, instance:testScenarios.AnalysisScenario@710c2b53]" started-at="2022-01-17T13:23:07Z" name="goToURL" finished-at="2022-01-17T13:23:24Z" duration-ms="16749" status="PASS">
          <reporter-output>
          </reporter-output>
        </test-method> <!-- goToURL -->
        <test-method signature="verifyAnalysisTab()[pri:0, instance:testScenarios.AnalysisScenario@710c2b53]" started-at="2022-01-17T13:23:24Z" name="verifyAnalysisTab" finished-at="2022-01-17T13:23:26Z" duration-ms="2849" status="PASS">
          <reporter-output>
          </reporter-output>
        </test-method> <!-- verifyAnalysisTab -->
        <test-method is-config="true" signature="tearDown()[pri:0, instance:testScenarios.AnalysisScenario@710c2b53]" started-at="2022-01-17T13:23:26Z" name="tearDown" finished-at="2022-01-17T13:23:28Z" duration-ms="1205" status="PASS">
          <reporter-output>
          </reporter-output>
        </test-method> <!-- tearDown -->
      </class> <!-- testScenarios.AnalysisScenario -->
      <class name="testScenarios.HoldersScenario">
        <test-method is-config="true" signature="goToURL()[pri:0, instance:testScenarios.HoldersScenario@6e9a5ed8]" started-at="2022-01-17T13:22:19Z" name="goToURL" finished-at="2022-01-17T13:22:31Z" duration-ms="12368" status="PASS">
          <reporter-output>
          </reporter-output>
        </test-method> <!-- goToURL -->
        <test-method signature="verifyHoldersTab()[pri:0, instance:testScenarios.HoldersScenario@6e9a5ed8]" started-at="2022-01-17T13:22:31Z" name="verifyHoldersTab" finished-at="2022-01-17T13:22:34Z" duration-ms="2976" status="PASS">
          <reporter-output>
          </reporter-output>
        </test-method> <!-- verifyHoldersTab -->
        <test-method is-config="true" signature="tearDown()[pri:0, instance:testScenarios.HoldersScenario@6e9a5ed8]" started-at="2022-01-17T13:22:34Z" name="tearDown" finished-at="2022-01-17T13:22:35Z" duration-ms="626" status="PASS">
          <reporter-output>
          </reporter-output>
        </test-method> <!-- tearDown -->
      </class> <!-- testScenarios.HoldersScenario -->
      <class name="testScenarios.SustainabilityScenario">
        <test-method is-config="true" signature="goToURL()[pri:0, instance:testScenarios.SustainabilityScenario@7ce69770]" started-at="2022-01-17T13:23:28Z" name="goToURL" finished-at="2022-01-17T13:23:41Z" duration-ms="13050" status="PASS">
          <reporter-output>
          </reporter-output>
        </test-method> <!-- goToURL -->
        <test-method signature="verifySustainabilityTab()[pri:0, instance:testScenarios.SustainabilityScenario@7ce69770]" started-at="2022-01-17T13:23:41Z" name="verifySustainabilityTab" finished-at="2022-01-17T13:23:45Z" duration-ms="4501" status="PASS">
          <reporter-output>
          </reporter-output>
        </test-method> <!-- verifySustainabilityTab -->
        <test-method is-config="true" signature="tearDown()[pri:0, instance:testScenarios.SustainabilityScenario@7ce69770]" started-at="2022-01-17T13:23:45Z" name="tearDown" finished-at="2022-01-17T13:23:46Z" duration-ms="648" status="PASS">
          <reporter-output>
          </reporter-output>
        </test-method> <!-- tearDown -->
      </class> <!-- testScenarios.SustainabilityScenario -->
      <class name="testScenarios.StatisticsScenario">
        <test-method is-config="true" signature="goToURL()[pri:0, instance:testScenarios.StatisticsScenario@2767e23c]" started-at="2022-01-17T13:23:46Z" name="goToURL" finished-at="2022-01-17T13:24:00Z" duration-ms="14297" status="PASS">
          <reporter-output>
          </reporter-output>
        </test-method> <!-- goToURL -->
        <test-method signature="verifyStatisticsTab()[pri:0, instance:testScenarios.StatisticsScenario@2767e23c]" started-at="2022-01-17T13:24:00Z" name="verifyStatisticsTab" finished-at="2022-01-17T13:24:02Z" duration-ms="2036" status="PASS">
          <reporter-output>
          </reporter-output>
        </test-method> <!-- verifyStatisticsTab -->
        <test-method is-config="true" signature="tearDown()[pri:0, instance:testScenarios.StatisticsScenario@2767e23c]" started-at="2022-01-17T13:24:02Z" name="tearDown" finished-at="2022-01-17T13:24:03Z" duration-ms="624" status="PASS">
          <reporter-output>
          </reporter-output>
        </test-method> <!-- tearDown -->
      </class> <!-- testScenarios.StatisticsScenario -->
      <class name="testScenarios.HistoricalScenario">
        <test-method is-config="true" signature="goToURL()[pri:0, instance:testScenarios.HistoricalScenario@7ce026d3]" started-at="2022-01-17T13:19:48Z" name="goToURL" finished-at="2022-01-17T13:20:05Z" duration-ms="16225" status="PASS">
          <reporter-output>
          </reporter-output>
        </test-method> <!-- goToURL -->
        <test-method signature="verifyHistoricalTab()[pri:0, instance:testScenarios.HistoricalScenario@7ce026d3]" started-at="2022-01-17T13:20:05Z" name="verifyHistoricalTab" finished-at="2022-01-17T13:20:07Z" duration-ms="2230" status="PASS">
          <reporter-output>
          </reporter-output>
        </test-method> <!-- verifyHistoricalTab -->
        <test-method is-config="true" signature="tearDown()[pri:0, instance:testScenarios.HistoricalScenario@7ce026d3]" started-at="2022-01-17T13:20:07Z" name="tearDown" finished-at="2022-01-17T13:20:08Z" duration-ms="661" status="PASS">
          <reporter-output>
          </reporter-output>
        </test-method> <!-- tearDown -->
      </class> <!-- testScenarios.HistoricalScenario -->
      <class name="testScenarios.ChartScenario">
        <test-method is-config="true" signature="goToURL()[pri:0, instance:testScenarios.ChartScenario@268f106e]" started-at="2022-01-17T13:24:36Z" name="goToURL" finished-at="2022-01-17T13:24:55Z" duration-ms="18656" status="PASS">
          <reporter-output>
          </reporter-output>
        </test-method> <!-- goToURL -->
        <test-method signature="verifyChartTab()[pri:0, instance:testScenarios.ChartScenario@268f106e]" started-at="2022-01-17T13:24:55Z" name="verifyChartTab" finished-at="2022-01-17T13:25:13Z" duration-ms="18104" status="PASS">
          <reporter-output>
          </reporter-output>
        </test-method> <!-- verifyChartTab -->
        <test-method is-config="true" signature="tearDown()[pri:0, instance:testScenarios.ChartScenario@268f106e]" started-at="2022-01-17T13:25:13Z" name="tearDown" finished-at="2022-01-17T13:25:14Z" duration-ms="655" status="PASS">
          <reporter-output>
          </reporter-output>
        </test-method> <!-- tearDown -->
      </class> <!-- testScenarios.ChartScenario -->
    </test> <!-- Test -->
  </suite> <!-- Suite -->
</testng-results>
